[debug] [2026-01-27T00:47:09.190Z] ----------------------------------------------------------------------
[debug] [2026-01-27T00:47:09.195Z] Command:       /usr/local/bin/node /usr/local/bin/firebase init
[debug] [2026-01-27T00:47:09.196Z] CLI Version:   15.4.0
[debug] [2026-01-27T00:47:09.196Z] Platform:      darwin
[debug] [2026-01-27T00:47:09.196Z] Node Version:  v24.13.0
[debug] [2026-01-27T00:47:09.197Z] Time:          Mon Jan 26 2026 18:47:09 GMT-0600 (Central Standard Time)
[debug] [2026-01-27T00:47:09.197Z] ----------------------------------------------------------------------
[debug] 
[info] 
     ######## #### ########  ######## ########     ###     ######  ########
     ##        ##  ##     ## ##       ##     ##  ##   ##  ##       ##
     ######    ##  ########  ######   ########  #########  ######  ######
     ##        ##  ##    ##  ##       ##     ## ##     ##       ## ##
     ##       #### ##     ## ######## ########  ##     ##  ######  ########

You're about to initialize a Firebase project in this directory:

  /Users/Teren/Fundamentos de Desarollo web

[info] 
=== Project Setup
[info] 
[info] First, let's associate this project directory with a Firebase project.
[info] You can create multiple project aliases by running firebase use --add, 
[info] 
